2022-09-01 16:24:07.468  INFO 13564 --- [restartedMain] c.e.e.EmployeePayrollApplication         : Starting EmployeePayrollApplication using Java 17.0.4 on DESKTOP-N65EJ7C with PID 13564 (C:\Users\Lenovo\IdeaProjects\EmployeePayrollApplication\target\classes started by Lenovo in C:\Users\Lenovo\IdeaProjects\EmployeePayrollApplication)
2022-09-01 16:24:07.472  INFO 13564 --- [restartedMain] c.e.e.EmployeePayrollApplication         : The following 1 profile is active: "dev"
2022-09-01 16:24:07.527  INFO 13564 --- [restartedMain] .e.DevToolsPropertyDefaultsPostProcessor : Devtools property defaults active! Set 'spring.devtools.add-properties' to 'false' to disable
2022-09-01 16:24:07.528  INFO 13564 --- [restartedMain] .e.DevToolsPropertyDefaultsPostProcessor : For additional web related logging consider setting the 'logging.level.web' property to 'DEBUG'
2022-09-01 16:24:08.140  INFO 13564 --- [restartedMain] .s.d.r.c.RepositoryConfigurationDelegate : Bootstrapping Spring Data JPA repositories in DEFAULT mode.
2022-09-01 16:24:08.186  INFO 13564 --- [restartedMain] .s.d.r.c.RepositoryConfigurationDelegate : Finished Spring Data repository scanning in 36 ms. Found 1 JPA repository interfaces.
2022-09-01 16:24:08.703  INFO 13564 --- [restartedMain] o.s.b.w.embedded.tomcat.TomcatWebServer  : Tomcat initialized with port(s): 8080 (http)
2022-09-01 16:24:08.710  INFO 13564 --- [restartedMain] o.apache.catalina.core.StandardService   : Starting service [Tomcat]
2022-09-01 16:24:08.711  INFO 13564 --- [restartedMain] org.apache.catalina.core.StandardEngine  : Starting Servlet engine: [Apache Tomcat/9.0.65]
2022-09-01 16:24:08.783  INFO 13564 --- [restartedMain] o.a.c.c.C.[Tomcat].[localhost].[/]       : Initializing Spring embedded WebApplicationContext
2022-09-01 16:24:08.783  INFO 13564 --- [restartedMain] w.s.c.ServletWebServerApplicationContext : Root WebApplicationContext: initialization completed in 1254 ms
2022-09-01 16:24:08.894  INFO 13564 --- [restartedMain] o.hibernate.jpa.internal.util.LogHelper  : HHH000204: Processing PersistenceUnitInfo [name: default]
2022-09-01 16:24:08.947  INFO 13564 --- [restartedMain] org.hibernate.Version                    : HHH000412: Hibernate ORM core version 5.6.10.Final
2022-09-01 16:24:09.087  INFO 13564 --- [restartedMain] o.hibernate.annotations.common.Version   : HCANN000001: Hibernate Commons Annotations {5.1.2.Final}
2022-09-01 16:24:09.178  INFO 13564 --- [restartedMain] com.zaxxer.hikari.HikariDataSource       : HikariPool-1 - Starting...
2022-09-01 16:24:09.444  INFO 13564 --- [restartedMain] com.zaxxer.hikari.HikariDataSource       : HikariPool-1 - Start completed.
2022-09-01 16:24:09.470  INFO 13564 --- [restartedMain] org.hibernate.dialect.Dialect            : HHH000400: Using dialect: org.hibernate.dialect.MySQL8Dialect
2022-09-01 16:24:10.035  INFO 13564 --- [restartedMain] o.h.e.t.j.p.i.JtaPlatformInitiator       : HHH000490: Using JtaPlatform implementation: [org.hibernate.engine.transaction.jta.platform.internal.NoJtaPlatform]
2022-09-01 16:24:10.043  INFO 13564 --- [restartedMain] j.LocalContainerEntityManagerFactoryBean : Initialized JPA EntityManagerFactory for persistence unit 'default'
2022-09-01 16:24:10.281  WARN 13564 --- [restartedMain] JpaBaseConfiguration$JpaWebConfiguration : spring.jpa.open-in-view is enabled by default. Therefore, database queries may be performed during view rendering. Explicitly configure spring.jpa.open-in-view to disable this warning
2022-09-01 16:24:10.533  INFO 13564 --- [restartedMain] o.s.b.d.a.OptionalLiveReloadServer       : LiveReload server is running on port 35729
2022-09-01 16:24:10.562  INFO 13564 --- [restartedMain] o.s.b.w.embedded.tomcat.TomcatWebServer  : Tomcat started on port(s): 8080 (http) with context path ''
2022-09-01 16:24:10.572  INFO 13564 --- [restartedMain] c.e.e.EmployeePayrollApplication         : Started EmployeePayrollApplication in 3.491 seconds (JVM running for 4.288)
2022-09-01 16:24:10.574  INFO 13564 --- [restartedMain] c.e.e.EmployeePayrollApplication         : Hello dear logger........!
2022-09-01 16:25:14.058  INFO 13564 --- [SpringApplicationShutdownHook] j.LocalContainerEntityManagerFactoryBean : Closing JPA EntityManagerFactory for persistence unit 'default'
2022-09-01 16:25:14.061  INFO 13564 --- [SpringApplicationShutdownHook] com.zaxxer.hikari.HikariDataSource       : HikariPool-1 - Shutdown initiated...
2022-09-01 16:25:14.069  INFO 13564 --- [SpringApplicationShutdownHook] com.zaxxer.hikari.HikariDataSource       : HikariPool-1 - Shutdown completed.
2022-09-01 16:25[WARN][restartedMain][o.s.b.a.o.j.JpaBaseConfiguration$JpaWebConfiguration:219] spring.jpa.open-in-view is enabled by default. Therefore, database queries may be performed during view rendering. Explicitly configure spring.jpa.open-in-view to disable this warning
2022-09-01 16:30[WARN][restartedMain][o.s.b.a.o.j.JpaBaseConfiguration$JpaWebConfiguration:219] spring.jpa.open-in-view is enabled by default. Therefore, database queries may be performed during view rendering. Explicitly configure spring.jpa.open-in-view to disable this warning
2022-09-01 16:31:50.975  INFO 11860 --- [restartedMain] c.e.e.EmployeePayrollApplication         : Starting EmployeePayrollApplication using Java 17.0.4 on DESKTOP-N65EJ7C with PID 11860 (C:\Users\Lenovo\IdeaProjects\EmployeePayrollApplication\target\classes started by Lenovo in C:\Users\Lenovo\IdeaProjects\EmployeePayrollApplication)
2022-09-01 16:31:50.977  INFO 11860 --- [restartedMain] c.e.e.EmployeePayrollApplication         : The following 1 profile is active: "dev"
2022-09-01 16:31:51.038  INFO 11860 --- [restartedMain] .e.DevToolsPropertyDefaultsPostProcessor : Devtools property defaults active! Set 'spring.devtools.add-properties' to 'false' to disable
2022-09-01 16:31:51.038  INFO 11860 --- [restartedMain] .e.DevToolsPropertyDefaultsPostProcessor : For additional web related logging consider setting the 'logging.level.web' property to 'DEBUG'
2022-09-01 16:31:51.599  INFO 11860 --- [restartedMain] .s.d.r.c.RepositoryConfigurationDelegate : Bootstrapping Spring Data JPA repositories in DEFAULT mode.
2022-09-01 16:31:51.646  INFO 11860 --- [restartedMain] .s.d.r.c.RepositoryConfigurationDelegate : Finished Spring Data repository scanning in 37 ms. Found 1 JPA repository interfaces.
2022-09-01 16:31:52.135  INFO 11860 --- [restartedMain] o.s.b.w.embedded.tomcat.TomcatWebServer  : Tomcat initialized with port(s): 8080 (http)
2022-09-01 16:31:52.143  INFO 11860 --- [restartedMain] o.apache.catalina.core.StandardService   : Starting service [Tomcat]
2022-09-01 16:31:52.144  INFO 11860 --- [restartedMain] org.apache.catalina.core.StandardEngine  : Starting Servlet engine: [Apache Tomcat/9.0.65]
2022-09-01 16:31:52.219  INFO 11860 --- [restartedMain] o.a.c.c.C.[Tomcat].[localhost].[/]       : Initializing Spring embedded WebApplicationContext
2022-09-01 16:31:52.219  INFO 11860 --- [restartedMain] w.s.c.ServletWebServerApplicationContext : Root WebApplicationContext: initialization completed in 1180 ms
2022-09-01 16:31:52.326  INFO 11860 --- [restartedMain] o.hibernate.jpa.internal.util.LogHelper  : HHH000204: Processing PersistenceUnitInfo [name: default]
2022-09-01 16:31:52.374  INFO 11860 --- [restartedMain] org.hibernate.Version                    : HHH000412: Hibernate ORM core version 5.6.10.Final
2022-09-01 16:31:52.517  INFO 11860 --- [restartedMain] o.hibernate.annotations.common.Version   : HCANN000001: Hibernate Commons Annotations {5.1.2.Final}
2022-09-01 16:31:52.609  INFO 11860 --- [restartedMain] com.zaxxer.hikari.HikariDataSource       : HikariPool-1 - Starting...
2022-09-01 16:31:52.877  INFO 11860 --- [restartedMain] com.zaxxer.hikari.HikariDataSource       : HikariPool-1 - Start completed.
2022-09-01 16:31:52.903  INFO 11860 --- [restartedMain] org.hibernate.dialect.Dialect            : HHH000400: Using dialect: org.hibernate.dialect.MySQL8Dialect
2022-09-01 16:31:53.450  INFO 11860 --- [restartedMain] o.h.e.t.j.p.i.JtaPlatformInitiator       : HHH000490: Using JtaPlatform implementation: [org.hibernate.engine.transaction.jta.platform.internal.NoJtaPlatform]
2022-09-01 16:31:53.458  INFO 11860 --- [restartedMain] j.LocalContainerEntityManagerFactoryBean : Initialized JPA EntityManagerFactory for persistence unit 'default'
2022-09-01 16:31:53.715  WARN 11860 --- [restartedMain] JpaBaseConfiguration$JpaWebConfiguration : spring.jpa.open-in-view is enabled by default. Therefore, database queries may be performed during view rendering. Explicitly configure spring.jpa.open-in-view to disable this warning
2022-09-01 16:31:53.965  INFO 11860 --- [restartedMain] o.s.b.d.a.OptionalLiveReloadServer       : LiveReload server is running on port 35729
2022-09-01 16:31:53.994  INFO 11860 --- [restartedMain] o.s.b.w.embedded.tomcat.TomcatWebServer  : Tomcat started on port(s): 8080 (http) with context path ''
2022-09-01 16:31:54.003  INFO 11860 --- [restartedMain] c.e.e.EmployeePayrollApplication         : Started EmployeePayrollApplication in 3.414 seconds (JVM running for 4.059)
2022-09-01 16:31:54.006  INFO 11860 --- [restartedMain] c.e.e.EmployeePayrollApplication         : Hello dear logger........!
2022-09-01 16:50:04.341  INFO 11860 --- [SpringApplicationShutdownHook] j.LocalContainerEntityManagerFactoryBean : Closing JPA EntityManagerFactory for persistence unit 'default'
2022-09-01 16:50:04.345  INFO 11860 --- [SpringApplicationShutdownHook] com.zaxxer.hikari.HikariDataSource       : HikariPool-1 - Shutdown initiated...
2022-09-01 16:50:04.353  INFO 11860 --- [SpringApplicationShutdownHook] com.zaxxer.hikari.HikariDataSource       : HikariPool-1 - Shutdown completed.
2022-09-01 16:50:08.683  INFO 15932 --- [restartedMain] c.e.e.EmployeePayrollApplication         : Starting EmployeePayrollApplication using Java 17.0.4 on DESKTOP-N65EJ7C with PID 15932 (C:\Users\Lenovo\IdeaProjects\EmployeePayrollApplication\target\classes started by Lenovo in C:\Users\Lenovo\IdeaProjects\EmployeePayrollApplication)
2022-09-01 16:50:08.686  INFO 15932 --- [restartedMain] c.e.e.EmployeePayrollApplication         : The following 1 profile is active: "dev"
2022-09-01 16:50:08.747  INFO 15932 --- [restartedMain] .e.DevToolsPropertyDefaultsPostProcessor : Devtools property defaults active! Set 'spring.devtools.add-properties' to 'false' to disable
2022-09-01 16:50:08.747  INFO 15932 --- [restartedMain] .e.DevToolsPropertyDefaultsPostProcessor : For additional web related logging consider setting the 'logging.level.web' property to 'DEBUG'
2022-09-01 16:50:09.295  INFO 15932 --- [restartedMain] .s.d.r.c.RepositoryConfigurationDelegate : Bootstrapping Spring Data JPA repositories in DEFAULT mode.
2022-09-01 16:50:09.336  INFO 15932 --- [restartedMain] .s.d.r.c.RepositoryConfigurationDelegate : Finished Spring Data repository scanning in 33 ms. Found 1 JPA repository interfaces.
2022-09-01 16:50:09.814  INFO 15932 --- [restartedMain] o.s.b.w.embedded.tomcat.TomcatWebServer  : Tomcat initialized with port(s): 8080 (http)
2022-09-01 16:50:09.822  INFO 15932 --- [restartedMain] o.apache.catalina.core.StandardService   : Starting service [Tomcat]
2022-09-01 16:50:09.822  INFO 15932 --- [restartedMain] org.apache.catalina.core.StandardEngine  : Starting Servlet engine: [Apache Tomcat/9.0.65]
2022-09-01 16:50:09.893  INFO 15932 --- [restartedMain] o.a.c.c.C.[Tomcat].[localhost].[/]       : Initializing Spring embedded WebApplicationContext
2022-09-01 16:50:09.893  INFO 15932 --- [restartedMain] w.s.c.ServletWebServerApplicationContext : Root WebApplicationContext: initialization completed in 1145 ms
2022-09-01 16:50:10.000  INFO 15932 --- [restartedMain] o.hibernate.jpa.internal.util.LogHelper  : HHH000204: Processing PersistenceUnitInfo [name: default]
2022-09-01 16:50:10.046  INFO 15932 --- [restartedMain] org.hibernate.Version                    : HHH000412: Hibernate ORM core version 5.6.10.Final
2022-09-01 16:50:10.186  INFO 15932 --- [restartedMain] o.hibernate.annotations.common.Version   : HCANN000001: Hibernate Commons Annotations {5.1.2.Final}
2022-09-01 16:50:10.281  INFO 15932 --- [restartedMain] com.zaxxer.hikari.HikariDataSource       : HikariPool-1 - Starting...
2022-09-01 16:50:10.548  INFO 15932 --- [restartedMain] com.zaxxer.hikari.HikariDataSource       : HikariPool-1 - Start completed.
2022-09-01 16:50:10.574  INFO 15932 --- [restartedMain] org.hibernate.dialect.Dialect            : HHH000400: Using dialect: org.hibernate.dialect.MySQL8Dialect
2022-09-01 16:50:11.111  INFO 15932 --- [restartedMain] o.h.e.t.j.p.i.JtaPlatformInitiator       : HHH000490: Using JtaPlatform implementation: [org.hibernate.engine.transaction.jta.platform.internal.NoJtaPlatform]
2022-09-01 16:50:11.118  INFO 15932 --- [restartedMain] j.LocalContainerEntityManagerFactoryBean : Initialized JPA EntityManagerFactory for persistence unit 'default'
2022-09-01 16:50:11.373  WARN 15932 --- [restartedMain] JpaBaseConfiguration$JpaWebConfiguration : spring.jpa.open-in-view is enabled by default. Therefore, database queries may be performed during view rendering. Explicitly configure spring.jpa.open-in-view to disable this warning
2022-09-01 16:50:11.618  INFO 15932 --- [restartedMain] o.s.b.d.a.OptionalLiveReloadServer       : LiveReload server is running on port 35729
2022-09-01 16:50:11.647  INFO 15932 --- [restartedMain] o.s.b.w.embedded.tomcat.TomcatWebServer  : Tomcat started on port(s): 8080 (http) with context path ''
2022-09-01 16:50:11.656  INFO 15932 --- [restartedMain] c.e.e.EmployeePayrollApplication         : Started EmployeePayrollApplication in 3.365 seconds (JVM running for 4.014)
2022-09-01 16:53:13.908  INFO 15932 --- [SpringApplicationShutdownHook] j.LocalContainerEntityManagerFactoryBean : Closing JPA EntityManagerFactory for persistence unit 'default'
2022-09-01 16:53:13.912  INFO 15932 --- [SpringApplicationShutdownHook] com.zaxxer.hikari.HikariDataSource       : HikariPool-1 - Shutdown initiated...
2022-09-01 16:53:13.921  INFO 15932 --- [SpringApplicationShutdownHook] com.zaxxer.hikari.HikariDataSource       : HikariPool-1 - Shutdown completed.
2022-09-01 16:53:18.436  INFO 15964 --- [restartedMain] c.e.e.EmployeePayrollApplication         : Starting EmployeePayrollApplication using Java 17.0.4 on DESKTOP-N65EJ7C with PID 15964 (C:\Users\Lenovo\IdeaProjects\EmployeePayrollApplication\target\classes started by Lenovo in C:\Users\Lenovo\IdeaProjects\EmployeePayrollApplication)
2022-09-01 16:53:18.438  INFO 15964 --- [restartedMain] c.e.e.EmployeePayrollApplication         : The following 1 profile is active: "dev"
2022-09-01 16:53:18.492  INFO 15964 --- [restartedMain] .e.DevToolsPropertyDefaultsPostProcessor : Devtools property defaults active! Set 'spring.devtools.add-properties' to 'false' to disable
2022-09-01 16:53:18.492  INFO 15964 --- [restartedMain] .e.DevToolsPropertyDefaultsPostProcessor : For additional web related logging consider setting the 'logging.level.web' property to 'DEBUG'
2022-09-01 16:53:19.045  INFO 15964 --- [restartedMain] .s.d.r.c.RepositoryConfigurationDelegate : Bootstrapping Spring Data JPA repositories in DEFAULT mode.
2022-09-01 16:53:19.088  INFO 15964 --- [restartedMain] .s.d.r.c.RepositoryConfigurationDelegate : Finished Spring Data repository scanning in 34 ms. Found 1 JPA repository interfaces.
2022-09-01 16:53:19.582  INFO 15964 --- [restartedMain] o.s.b.w.embedded.tomcat.TomcatWebServer  : Tomcat initialized with port(s): 8080 (http)
2022-09-01 16:53:19.591  INFO 15964 --- [restartedMain] o.apache.catalina.core.StandardService   : Starting service [Tomcat]
2022-09-01 16:53:19.591  INFO 15964 --- [restartedMain] org.apache.catalina.core.StandardEngine  : Starting Servlet engine: [Apache Tomcat/9.0.65]
2022-09-01 16:53:19.662  INFO 15964 --- [restartedMain] o.a.c.c.C.[Tomcat].[localhost].[/]       : Initializing Spring embedded WebApplicationContext
2022-09-01 16:53:19.663  INFO 15964 --- [restartedMain] w.s.c.ServletWebServerApplicationContext : Root WebApplicationContext: initialization completed in 1169 ms
2022-09-01 16:53:19.767  INFO 15964 --- [restartedMain] o.hibernate.jpa.internal.util.LogHelper  : HHH000204: Processing PersistenceUnitInfo [name: default]
2022-09-01 16:53:19.815  INFO 15964 --- [restartedMain] org.hibernate.Version                    : HHH000412: Hibernate ORM core version 5.6.10.Final
2022-09-01 16:53:19.955  INFO 15964 --- [restartedMain] o.hibernate.annotations.common.Version   : HCANN000001: Hibernate Commons Annotations {5.1.2.Final}
2022-09-01 16:53:20.043  INFO 15964 --- [restartedMain] com.zaxxer.hikari.HikariDataSource       : HikariPool-1 - Starting...
2022-09-01 16:53:20.300  INFO 15964 --- [restartedMain] com.zaxxer.hikari.HikariDataSource       : HikariPool-1 - Start completed.
2022-09-01 16:53:20.326  INFO 15964 --- [restartedMain] org.hibernate.dialect.Dialect            : HHH000400: Using dialect: org.hibernate.dialect.MySQL8Dialect
2022-09-01 16:53:20.860  INFO 15964 --- [restartedMain] o.h.e.t.j.p.i.JtaPlatformInitiator       : HHH000490: Using JtaPlatform implementation: [org.hibernate.engine.transaction.jta.platform.internal.NoJtaPlatform]
2022-09-01 16:53:20.870  INFO 15964 --- [restartedMain] j.LocalContainerEntityManagerFactoryBean : Initialized JPA EntityManagerFactory for persistence unit 'default'
2022-09-01 16:53:21.111  WARN 15964 --- [restartedMain] JpaBaseConfiguration$JpaWebConfiguration : spring.jpa.open-in-view is enabled by default. Therefore, database queries may be performed during view rendering. Explicitly configure spring.jpa.open-in-view to disable this warning
2022-09-01 16:53:21.364  INFO 15964 --- [restartedMain] o.s.b.d.a.OptionalLiveReloadServer       : LiveReload server is running on port 35729
2022-09-01 16:53:21.392  INFO 15964 --- [restartedMain] o.s.b.w.embedded.tomcat.TomcatWebServer  : Tomcat started on port(s): 8080 (http) with context path ''
2022-09-01 16:53:21.401  INFO 15964 --- [restartedMain] c.e.e.EmployeePayrollApplication         : Started EmployeePayrollApplication in 3.339 seconds (JVM running for 4.047)
2022-09-01 16:53:21.403  INFO 15964 --- [restartedMain] c.e.e.EmployeePayrollApplication         : Hello dear logger............!
